Determining if the pthread_create exist failed with the following output:
Change Dir: C:/SmsGcrypto/cmake-build-debug/CMakeFiles/CMakeTmp

Run Build Command:"C:/MinGW/bin/mingw32-make.exe" "cmTC_e344e/fast"
C:/MinGW/bin/mingw32-make.exe -f CMakeFiles\cmTC_e344e.dir\build.make CMakeFiles/cmTC_e344e.dir/build
mingw32-make.exe[1]: Entering directory 'C:/SmsGcrypto/cmake-build-debug/CMakeFiles/CMakeTmp'
Building C object CMakeFiles/cmTC_e344e.dir/CheckSymbolExists.c.obj
C:\MinGW\bin\gcc.exe    -std=c11 -DWIN32_LEAN_AND_MEAN -Wall -Wextra -Wpointer-arith -Wundef -Wvla -Wwrite-strings -Werror -Wno-error=extra -Wno-error=unused-function -Wno-error=deprecated-declarations -Wno-error=sign-compare -Wno-error=strict-aliasing -Wno-error=type-limits -Wno-unused-parameter -Wno-error=unused-variable -Wno-error=undef -Wno-error=uninitialized -Wno-error=unused-result -Wlogical-op -Wno-error=maybe-uninitialized -Wno-error=clobbered -Wno-error=unused-but-set-variable -Wno-error=unused-value -Wno-error=odr -Waggregate-return -Wnested-externs -Wold-style-definition -Wstrict-prototypes -march=native -maes    -o CMakeFiles\cmTC_e344e.dir\CheckSymbolExists.c.obj   -c C:\SmsGcrypto\cmake-build-debug\CMakeFiles\CMakeTmp\CheckSymbolExists.c
Linking C executable cmTC_e344e.exe
"C:\Users\Mohammad S. Hossan\Downloads\CLion-2017.1.3\bin\cmake\bin\cmake.exe" -E cmake_link_script CMakeFiles\cmTC_e344e.dir\link.txt --verbose=1
"C:\Users\Mohammad S. Hossan\Downloads\CLion-2017.1.3\bin\cmake\bin\cmake.exe" -E remove -f CMakeFiles\cmTC_e344e.dir/objects.a
C:\MinGW\bin\ar.exe cr CMakeFiles\cmTC_e344e.dir/objects.a @CMakeFiles\cmTC_e344e.dir\objects1.rsp
C:\MinGW\bin\gcc.exe   -std=c11 -DWIN32_LEAN_AND_MEAN -Wall -Wextra -Wpointer-arith -Wundef -Wvla -Wwrite-strings -Werror -Wno-error=extra -Wno-error=unused-function -Wno-error=deprecated-declarations -Wno-error=sign-compare -Wno-error=strict-aliasing -Wno-error=type-limits -Wno-unused-parameter -Wno-error=unused-variable -Wno-error=undef -Wno-error=uninitialized -Wno-error=unused-result -Wlogical-op -Wno-error=maybe-uninitialized -Wno-error=clobbered -Wno-error=unused-but-set-variable -Wno-error=unused-value -Wno-error=odr -Waggregate-return -Wnested-externs -Wold-style-definition -Wstrict-prototypes -march=native -maes     -Wl,--whole-archive CMakeFiles\cmTC_e344e.dir/objects.a -Wl,--no-whole-archive  -o cmTC_e344e.exe -Wl,--out-implib,libcmTC_e344e.dll.a -Wl,--major-image-version,0,--minor-image-version,0 @CMakeFiles\cmTC_e344e.dir\linklibs.rsp
CMakeFiles\cmTC_e344e.dir/objects.a(CheckSymbolExists.c.obj):CheckSymbolExists.c:(.text+0x12): undefined reference to `pthread_create'
collect2.exe: error: ld returned 1 exit status
CMakeFiles\cmTC_e344e.dir\build.make:98: recipe for target 'cmTC_e344e.exe' failed
mingw32-make.exe[1]: *** [cmTC_e344e.exe] Error 1
mingw32-make.exe[1]: Leaving directory 'C:/SmsGcrypto/cmake-build-debug/CMakeFiles/CMakeTmp'
Makefile:125: recipe for target 'cmTC_e344e/fast' failed
mingw32-make.exe: *** [cmTC_e344e/fast] Error 2

File C:/SmsGcrypto/cmake-build-debug/CMakeFiles/CMakeTmp/CheckSymbolExists.c:
/* */
#include <pthread.h>

int main(int argc, char** argv)
{
  (void)argv;
#ifndef pthread_create
  return ((int*)(&pthread_create))[argc];
#else
  (void)argc;
  return 0;
#endif
}

Determining if the function pthread_create exists in the pthreads failed with the following output:
Change Dir: C:/SmsGcrypto/cmake-build-debug/CMakeFiles/CMakeTmp

Run Build Command:"C:/MinGW/bin/mingw32-make.exe" "cmTC_f8043/fast"
C:/MinGW/bin/mingw32-make.exe -f CMakeFiles\cmTC_f8043.dir\build.make CMakeFiles/cmTC_f8043.dir/build
mingw32-make.exe[1]: Entering directory 'C:/SmsGcrypto/cmake-build-debug/CMakeFiles/CMakeTmp'
Building C object CMakeFiles/cmTC_f8043.dir/CheckFunctionExists.c.obj
C:\MinGW\bin\gcc.exe    -std=c11 -DWIN32_LEAN_AND_MEAN -Wall -Wextra -Wpointer-arith -Wundef -Wvla -Wwrite-strings -Werror -Wno-error=extra -Wno-error=unused-function -Wno-error=deprecated-declarations -Wno-error=sign-compare -Wno-error=strict-aliasing -Wno-error=type-limits -Wno-unused-parameter -Wno-error=unused-variable -Wno-error=undef -Wno-error=uninitialized -Wno-error=unused-result -Wlogical-op -Wno-error=maybe-uninitialized -Wno-error=clobbered -Wno-error=unused-but-set-variable -Wno-error=unused-value -Wno-error=odr -Waggregate-return -Wnested-externs -Wold-style-definition -Wstrict-prototypes -march=native -maes -DCHECK_FUNCTION_EXISTS=pthread_create   -o CMakeFiles\cmTC_f8043.dir\CheckFunctionExists.c.obj   -c "C:\Users\Mohammad S. Hossan\Downloads\CLion-2017.1.3\bin\cmake\share\cmake-3.7\Modules\CheckFunctionExists.c"
C:\Users\Mohammad S. Hossan\Downloads\CLion-2017.1.3\bin\cmake\share\cmake-3.7\Modules\CheckFunctionExists.c:7:3: error: function declaration isn't a prototype [-Werror=strict-prototypes]
   CHECK_FUNCTION_EXISTS();
   ^
cc1.exe: all warnings being treated as errors
CMakeFiles\cmTC_f8043.dir\build.make:64: recipe for target 'CMakeFiles/cmTC_f8043.dir/CheckFunctionExists.c.obj' failed
mingw32-make.exe[1]: *** [CMakeFiles/cmTC_f8043.dir/CheckFunctionExists.c.obj] Error 1
mingw32-make.exe[1]: Leaving directory 'C:/SmsGcrypto/cmake-build-debug/CMakeFiles/CMakeTmp'
Makefile:125: recipe for target 'cmTC_f8043/fast' failed
mingw32-make.exe: *** [cmTC_f8043/fast] Error 2


Determining if the function pthread_create exists in the pthread failed with the following output:
Change Dir: C:/SmsGcrypto/cmake-build-debug/CMakeFiles/CMakeTmp

Run Build Command:"C:/MinGW/bin/mingw32-make.exe" "cmTC_23a1a/fast"
C:/MinGW/bin/mingw32-make.exe -f CMakeFiles\cmTC_23a1a.dir\build.make CMakeFiles/cmTC_23a1a.dir/build
mingw32-make.exe[1]: Entering directory 'C:/SmsGcrypto/cmake-build-debug/CMakeFiles/CMakeTmp'
Building C object CMakeFiles/cmTC_23a1a.dir/CheckFunctionExists.c.obj
C:\MinGW\bin\gcc.exe    -std=c11 -DWIN32_LEAN_AND_MEAN -Wall -Wextra -Wpointer-arith -Wundef -Wvla -Wwrite-strings -Werror -Wno-error=extra -Wno-error=unused-function -Wno-error=deprecated-declarations -Wno-error=sign-compare -Wno-error=strict-aliasing -Wno-error=type-limits -Wno-unused-parameter -Wno-error=unused-variable -Wno-error=undef -Wno-error=uninitialized -Wno-error=unused-result -Wlogical-op -Wno-error=maybe-uninitialized -Wno-error=clobbered -Wno-error=unused-but-set-variable -Wno-error=unused-value -Wno-error=odr -Waggregate-return -Wnested-externs -Wold-style-definition -Wstrict-prototypes -march=native -maes -DCHECK_FUNCTION_EXISTS=pthread_create   -o CMakeFiles\cmTC_23a1a.dir\CheckFunctionExists.c.obj   -c "C:\Users\Mohammad S. Hossan\Downloads\CLion-2017.1.3\bin\cmake\share\cmake-3.7\Modules\CheckFunctionExists.c"
C:\Users\Mohammad S. Hossan\Downloads\CLion-2017.1.3\bin\cmake\share\cmake-3.7\Modules\CheckFunctionExists.c:7:3: error: function declaration isn't a prototype [-Werror=strict-prototypes]
   CHECK_FUNCTION_EXISTS();
   ^
cc1.exe: all warnings being treated as errors
CMakeFiles\cmTC_23a1a.dir\build.make:64: recipe for target 'CMakeFiles/cmTC_23a1a.dir/CheckFunctionExists.c.obj' failed
mingw32-make.exe[1]: *** [CMakeFiles/cmTC_23a1a.dir/CheckFunctionExists.c.obj] Error 1
mingw32-make.exe[1]: Leaving directory 'C:/SmsGcrypto/cmake-build-debug/CMakeFiles/CMakeTmp'
Makefile:125: recipe for target 'cmTC_23a1a/fast' failed
mingw32-make.exe: *** [cmTC_23a1a/fast] Error 2


